# JRE version: Java(TM) SE Runtime Environment (8.0_201-b09) (build 1.8.0_201-b09)
# Java VM: Java HotSpot(TM) 64-Bit Server VM (25.201-b09 mixed mode windows-amd64 compressed oops)
Heap:
 PSYoungGen      total 377344K, used 5624K [0x000000076b300000, 0x0000000782980000, 0x00000007c0000000)
  eden space 371200K, 0% used [0x000000076b300000,0x000000076b300000,0x0000000781d80000)
  from space 6144K, 91% used [0x0000000781d80000,0x00000007822fe060,0x0000000782380000)
  to   space 6144K, 0% used [0x0000000782380000,0x0000000782380000,0x0000000782980000)
 ParOldGen       total 303104K, used 87138K [0x00000006c1800000, 0x00000006d4000000, 0x000000076b300000)
  object space 303104K, 28% used [0x00000006c1800000,0x00000006c6d18b68,0x00000006d4000000)
 Metaspace       used 18253K, capacity 18690K, committed 18816K, reserved 1064960K
  class space    used 2302K, capacity 2405K, committed 2432K, reserved 1048576K
GC Heap History (10 events):
Event: 95.527 GC heap before
{Heap before GC invocations=5182 (full 2589):
 PSYoungGen      total 377344K, used 5624K [0x000000076b300000, 0x0000000782980000, 0x00000007c0000000)
  eden space 371200K, 0% used [0x000000076b300000,0x000000076b300000,0x0000000781d80000)
  from space 6144K, 91% used [0x0000000781d80000,0x00000007822fe060,0x0000000782380000)
  to   space 6144K, 0% used [0x0000000782380000,0x0000000782380000,0x0000000782980000)
 ParOldGen       total 303104K, used 87087K [0x00000006c1800000, 0x00000006d4000000, 0x000000076b300000)
  object space 303104K, 28% used [0x00000006c1800000,0x00000006c6d0bc58,0x00000006d4000000)
 Metaspace       used 18249K, capacity 18690K, committed 18816K, reserved 1064960K
  class space    used 2302K, capacity 2405K, committed 2432K, reserved 1048576K
Event: 95.539 GC heap after
Heap after GC invocations=5182 (full 2589):
 PSYoungGen      total 377344K, used 0K [0x000000076b300000, 0x0000000782980000, 0x00000007c0000000)
  eden space 371200K, 0% used [0x000000076b300000,0x000000076b300000,0x0000000781d80000)
  from space 6144K, 0% used [0x0000000781d80000,0x0000000781d80000,0x0000000782380000)
  to   space 6144K, 0% used [0x0000000782380000,0x0000000782380000,0x0000000782980000)
 ParOldGen       total 303104K, used 87086K [0x00000006c1800000, 0x00000006d4000000, 0x000000076b300000)
  object space 303104K, 28% used [0x00000006c1800000,0x00000006c6d0bbc0,0x00000006d4000000)
 Metaspace       used 18249K, capacity 18690K, committed 18816K, reserved 1064960K
  class space    used 2302K, capacity 2405K, committed 2432K, reserved 1048576K
}
Event: 95.555 GC heap before
{Heap before GC invocations=5183 (full 2589):
 PSYoungGen      total 377344K, used 6972K [0x000000076b300000, 0x0000000782980000, 0x00000007c0000000)
  eden space 371200K, 1% used [0x000000076b300000,0x000000076b9cf2e0,0x0000000781d80000)
  from space 6144K, 0% used [0x0000000781d80000,0x0000000781d80000,0x0000000782380000)
  to   space 6144K, 0% used [0x0000000782380000,0x0000000782380000,0x0000000782980000)
 ParOldGen       total 303104K, used 87086K [0x00000006c1800000, 0x00000006d4000000, 0x000000076b300000)
  object space 303104K, 28% used [0x00000006c1800000,0x00000006c6d0bbc0,0x00000006d4000000)
 Metaspace       used 18249K, capacity 18690K, committed 18816K, reserved 1064960K
  class space    used 2302K, capacity 2405K, committed 2432K, reserved 1048576K
Event: 95.556 GC heap after
Heap after GC invocations=5183 (full 2589):
 PSYoungGen      total 377344K, used 5624K [0x000000076b300000, 0x0000000782980000, 0x00000007c0000000)
  eden space 371200K, 0% used [0x000000076b300000,0x000000076b300000,0x0000000781d80000)
  from space 6144K, 91% used [0x0000000782380000,0x00000007828fe060,0x0000000782980000)
  to   space 6144K, 0% used [0x0000000781d80000,0x0000000781d80000,0x0000000782380000)
 ParOldGen       total 303104K, used 87086K [0x00000006c1800000, 0x00000006d4000000, 0x000000076b300000)
  object space 303104K, 28% used [0x00000006c1800000,0x00000006c6d0bbc0,0x00000006d4000000)
 Metaspace       used 18249K, capacity 18690K, committed 18816K, reserved 1064960K
  class space    used 2302K, capacity 2405K, committed 2432K, reserved 1048576K
}
Event: 95.556 GC heap before
{Heap before GC invocations=5184 (full 2590):
 PSYoungGen      total 377344K, used 5624K [0x000000076b300000, 0x0000000782980000, 0x00000007c0000000)
  eden space 371200K, 0% used [0x000000076b300000,0x000000076b300000,0x0000000781d80000)
  from space 6144K, 91% used [0x0000000782380000,0x00000007828fe060,0x0000000782980000)
  to   space 6144K, 0% used [0x0000000781d80000,0x0000000781d80000,0x0000000782380000)
 ParOldGen       total 303104K, used 87086K [0x00000006c1800000, 0x00000006d4000000, 0x000000076b300000)
  object space 303104K, 28% used [0x00000006c1800000,0x00000006c6d0bbc0,0x00000006d4000000)
 Metaspace       used 18249K, capacity 18690K, committed 18816K, reserved 1064960K
  class space    used 2302K, capacity 2405K, committed 2432K, reserved 1048576K
Event: 95.567 GC heap after
Heap after GC invocations=5184 (full 2590):
 PSYoungGen      total 377344K, used 0K [0x000000076b300000, 0x0000000782980000, 0x00000007c0000000)
  eden space 371200K, 0% used [0x000000076b300000,0x000000076b300000,0x0000000781d80000)
  from space 6144K, 0% used [0x0000000782380000,0x0000000782380000,0x0000000782980000)
  to   space 6144K, 0% used [0x0000000781d80000,0x0000000781d80000,0x0000000782380000)
 ParOldGen       total 303104K, used 87088K [0x00000006c1800000, 0x00000006d4000000, 0x000000076b300000)
  object space 303104K, 28% used [0x00000006c1800000,0x00000006c6d0c058,0x00000006d4000000)
 Metaspace       used 18249K, capacity 18690K, committed 18816K, reserved 1064960K
  class space    used 2302K, capacity 2405K, committed 2432K, reserved 1048576K
}
Event: 95.583 GC heap before
{Heap before GC invocations=5185 (full 2590):
 PSYoungGen      total 377344K, used 6044K [0x000000076b300000, 0x0000000782980000, 0x00000007c0000000)
  eden space 371200K, 1% used [0x000000076b300000,0x000000076b8e72e0,0x0000000781d80000)
  from space 6144K, 0% used [0x0000000782380000,0x0000000782380000,0x0000000782980000)
  to   space 6144K, 0% used [0x0000000781d80000,0x0000000781d80000,0x0000000782380000)
 ParOldGen       total 303104K, used 87088K [0x00000006c1800000, 0x00000006d4000000, 0x000000076b300000)
  object space 303104K, 28% used [0x00000006c1800000,0x00000006c6d0c058,0x00000006d4000000)
 Metaspace       used 18249K, capacity 18690K, committed 18816K, reserved 1064960K
  class space    used 2302K, capacity 2405K, committed 2432K, reserved 1048576K
Event: 95.585 GC heap after
Heap after GC invocations=5185 (full 2590):
 PSYoungGen      total 377344K, used 5656K [0x000000076b300000, 0x0000000782980000, 0x00000007c0000000)
  eden space 371200K, 0% used [0x000000076b300000,0x000000076b300000,0x0000000781d80000)
  from space 6144K, 92% used [0x0000000781d80000,0x0000000782306060,0x0000000782380000)
  to   space 6144K, 0% used [0x0000000782380000,0x0000000782380000,0x0000000782980000)
 ParOldGen       total 303104K, used 87088K [0x00000006c1800000, 0x00000006d4000000, 0x000000076b300000)
  object space 303104K, 28% used [0x00000006c1800000,0x00000006c6d0c058,0x00000006d4000000)
 Metaspace       used 18249K, capacity 18690K, committed 18816K, reserved 1064960K
  class space    used 2302K, capacity 2405K, committed 2432K, reserved 1048576K
}
Event: 95.585 GC heap before
{Heap before GC invocations=5186 (full 2591):
 PSYoungGen      total 377344K, used 5656K [0x000000076b300000, 0x0000000782980000, 0x00000007c0000000)
  eden space 371200K, 0% used [0x000000076b300000,0x000000076b300000,0x0000000781d80000)
  from space 6144K, 92% used [0x0000000781d80000,0x0000000782306060,0x0000000782380000)
  to   space 6144K, 0% used [0x0000000782380000,0x0000000782380000,0x0000000782980000)
 ParOldGen       total 303104K, used 87088K [0x00000006c1800000, 0x00000006d4000000, 0x000000076b300000)
  object space 303104K, 28% used [0x00000006c1800000,0x00000006c6d0c058,0x00000006d4000000)
 Metaspace       used 18249K, capacity 18690K, committed 18816K, reserved 1064960K
  class space    used 2302K, capacity 2405K, committed 2432K, reserved 1048576K
Event: 95.596 GC heap after
Heap after GC invocations=5186 (full 2591):
 PSYoungGen      total 377344K, used 0K [0x000000076b300000, 0x0000000782980000, 0x00000007c0000000)
  eden space 371200K, 0% used [0x000000076b300000,0x000000076b300000,0x0000000781d80000)
  from space 6144K, 0% used [0x0000000781d80000,0x0000000781d80000,0x0000000782380000)
  to   space 6144K, 0% used [0x0000000782380000,0x0000000782380000,0x0000000782980000)
 ParOldGen       total 303104K, used 87089K [0x00000006c1800000, 0x00000006d4000000, 0x000000076b300000)
  object space 303104K, 28% used [0x00000006c1800000,0x00000006c6d0c618,0x00000006d4000000)
 Metaspace       used 18249K, capacity 18690K, committed 18816K, reserved 1064960K
  class space    used 2302K, capacity 2405K, committed 2432K, reserved 1048576K
}

