# JRE version: Java(TM) SE Runtime Environment (8.0_201-b09) (build 1.8.0_201-b09)
# Java VM: Java HotSpot(TM) 64-Bit Server VM (25.201-b09 mixed mode windows-amd64 compressed oops)
Heap:
 PSYoungGen      total 178176K, used 1556K [0x000000076b300000, 0x0000000776b80000, 0x00000007c0000000)
  eden space 167424K, 0% used [0x000000076b300000,0x000000076b4851c0,0x0000000775680000)
  from space 10752K, 0% used [0x0000000776100000,0x0000000776100000,0x0000000776b80000)
  to   space 10752K, 0% used [0x0000000775680000,0x0000000775680000,0x0000000776100000)
 ParOldGen       total 299008K, used 96911K [0x00000006c1800000, 0x00000006d3c00000, 0x000000076b300000)
  object space 299008K, 32% used [0x00000006c1800000,0x00000006c76a3fd0,0x00000006d3c00000)
 Metaspace       used 17952K, capacity 18338K, committed 18560K, reserved 1064960K
  class space    used 2223K, capacity 2327K, committed 2432K, reserved 1048576K
GC Heap History (10 events):
Event: 120.732 GC heap before
{Heap before GC invocations=5442 (full 2720):
 PSYoungGen      total 178176K, used 10220K [0x000000076b300000, 0x0000000776b80000, 0x00000007c0000000)
  eden space 167424K, 0% used [0x000000076b300000,0x000000076b300000,0x0000000775680000)
  from space 10752K, 95% used [0x0000000776100000,0x0000000776afb070,0x0000000776b80000)
  to   space 10752K, 0% used [0x0000000775680000,0x0000000775680000,0x0000000776100000)
 ParOldGen       total 299008K, used 100540K [0x00000006c1800000, 0x00000006d3c00000, 0x000000076b300000)
  object space 299008K, 33% used [0x00000006c1800000,0x00000006c7a2f218,0x00000006d3c00000)
 Metaspace       used 17948K, capacity 18338K, committed 18560K, reserved 1064960K
  class space    used 2223K, capacity 2327K, committed 2432K, reserved 1048576K
Event: 120.743 GC heap after
Heap after GC invocations=5442 (full 2720):
 PSYoungGen      total 178176K, used 0K [0x000000076b300000, 0x0000000776b80000, 0x00000007c0000000)
  eden space 167424K, 0% used [0x000000076b300000,0x000000076b300000,0x0000000775680000)
  from space 10752K, 0% used [0x0000000776100000,0x0000000776100000,0x0000000776b80000)
  to   space 10752K, 0% used [0x0000000775680000,0x0000000775680000,0x0000000776100000)
 ParOldGen       total 299008K, used 96940K [0x00000006c1800000, 0x00000006d3c00000, 0x000000076b300000)
  object space 299008K, 32% used [0x00000006c1800000,0x00000006c76ab078,0x00000006d3c00000)
 Metaspace       used 17948K, capacity 18338K, committed 18560K, reserved 1064960K
  class space    used 2223K, capacity 2327K, committed 2432K, reserved 1048576K
}
Event: 120.758 GC heap before
{Heap before GC invocations=5443 (full 2720):
 PSYoungGen      total 178176K, used 8846K [0x000000076b300000, 0x0000000776b80000, 0x00000007c0000000)
  eden space 167424K, 5% used [0x000000076b300000,0x000000076bba3b80,0x0000000775680000)
  from space 10752K, 0% used [0x0000000776100000,0x0000000776100000,0x0000000776b80000)
  to   space 10752K, 0% used [0x0000000775680000,0x0000000775680000,0x0000000776100000)
 ParOldGen       total 299008K, used 96940K [0x00000006c1800000, 0x00000006d3c00000, 0x000000076b300000)
  object space 299008K, 32% used [0x00000006c1800000,0x00000006c76ab078,0x00000006d3c00000)
 Metaspace       used 17948K, capacity 18338K, committed 18560K, reserved 1064960K
  class space    used 2223K, capacity 2327K, committed 2432K, reserved 1048576K
Event: 120.759 GC heap after
Heap after GC invocations=5443 (full 2720):
 PSYoungGen      total 178176K, used 10188K [0x000000076b300000, 0x0000000776b80000, 0x00000007c0000000)
  eden space 167424K, 0% used [0x000000076b300000,0x000000076b300000,0x0000000775680000)
  from space 10752K, 94% used [0x0000000775680000,0x0000000776073070,0x0000000776100000)
  to   space 10752K, 0% used [0x0000000776100000,0x0000000776100000,0x0000000776b80000)
 ParOldGen       total 299008K, used 100540K [0x00000006c1800000, 0x00000006d3c00000, 0x000000076b300000)
  object space 299008K, 33% used [0x00000006c1800000,0x00000006c7a2f098,0x00000006d3c00000)
 Metaspace       used 17948K, capacity 18338K, committed 18560K, reserved 1064960K
  class space    used 2223K, capacity 2327K, committed 2432K, reserved 1048576K
}
Event: 120.759 GC heap before
{Heap before GC invocations=5444 (full 2721):
 PSYoungGen      total 178176K, used 10188K [0x000000076b300000, 0x0000000776b80000, 0x00000007c0000000)
  eden space 167424K, 0% used [0x000000076b300000,0x000000076b300000,0x0000000775680000)
  from space 10752K, 94% used [0x0000000775680000,0x0000000776073070,0x0000000776100000)
  to   space 10752K, 0% used [0x0000000776100000,0x0000000776100000,0x0000000776b80000)
 ParOldGen       total 299008K, used 100540K [0x00000006c1800000, 0x00000006d3c00000, 0x000000076b300000)
  object space 299008K, 33% used [0x00000006c1800000,0x00000006c7a2f098,0x00000006d3c00000)
 Metaspace       used 17948K, capacity 18338K, committed 18560K, reserved 1064960K
  class space    used 2223K, capacity 2327K, committed 2432K, reserved 1048576K
Event: 120.770 GC heap after
Heap after GC invocations=5444 (full 2721):
 PSYoungGen      total 178176K, used 0K [0x000000076b300000, 0x0000000776b80000, 0x00000007c0000000)
  eden space 167424K, 0% used [0x000000076b300000,0x000000076b300000,0x0000000775680000)
  from space 10752K, 0% used [0x0000000775680000,0x0000000775680000,0x0000000776100000)
  to   space 10752K, 0% used [0x0000000776100000,0x0000000776100000,0x0000000776b80000)
 ParOldGen       total 299008K, used 96936K [0x00000006c1800000, 0x00000006d3c00000, 0x000000076b300000)
  object space 299008K, 32% used [0x00000006c1800000,0x00000006c76aa360,0x00000006d3c00000)
 Metaspace       used 17948K, capacity 18338K, committed 18560K, reserved 1064960K
  class space    used 2223K, capacity 2327K, committed 2432K, reserved 1048576K
}
Event: 120.786 GC heap before
{Heap before GC invocations=5445 (full 2721):
 PSYoungGen      total 178176K, used 8009K [0x000000076b300000, 0x0000000776b80000, 0x00000007c0000000)
  eden space 167424K, 4% used [0x000000076b300000,0x000000076bad2728,0x0000000775680000)
  from space 10752K, 0% used [0x0000000775680000,0x0000000775680000,0x0000000776100000)
  to   space 10752K, 0% used [0x0000000776100000,0x0000000776100000,0x0000000776b80000)
 ParOldGen       total 299008K, used 96936K [0x00000006c1800000, 0x00000006d3c00000, 0x000000076b300000)
  object space 299008K, 32% used [0x00000006c1800000,0x00000006c76aa360,0x00000006d3c00000)
 Metaspace       used 17950K, capacity 18338K, committed 18560K, reserved 1064960K
  class space    used 2223K, capacity 2327K, committed 2432K, reserved 1048576K
Event: 120.787 GC heap after
Heap after GC invocations=5445 (full 2721):
 PSYoungGen      total 178176K, used 8420K [0x000000076b300000, 0x0000000776b80000, 0x00000007c0000000)
  eden space 167424K, 0% used [0x000000076b300000,0x000000076b300000,0x0000000775680000)
  from space 10752K, 78% used [0x0000000776100000,0x0000000776939070,0x0000000776b80000)
  to   space 10752K, 0% used [0x0000000775680000,0x0000000775680000,0x0000000776100000)
 ParOldGen       total 299008K, used 102336K [0x00000006c1800000, 0x00000006d3c00000, 0x000000076b300000)
  object space 299008K, 34% used [0x00000006c1800000,0x00000006c7bf0380,0x00000006d3c00000)
 Metaspace       used 17950K, capacity 18338K, committed 18560K, reserved 1064960K
  class space    used 2223K, capacity 2327K, committed 2432K, reserved 1048576K
}
Event: 120.787 GC heap before
{Heap before GC invocations=5446 (full 2722):
 PSYoungGen      total 178176K, used 8420K [0x000000076b300000, 0x0000000776b80000, 0x00000007c0000000)
  eden space 167424K, 0% used [0x000000076b300000,0x000000076b300000,0x0000000775680000)
  from space 10752K, 78% used [0x0000000776100000,0x0000000776939070,0x0000000776b80000)
  to   space 10752K, 0% used [0x0000000775680000,0x0000000775680000,0x0000000776100000)
 ParOldGen       total 299008K, used 102336K [0x00000006c1800000, 0x00000006d3c00000, 0x000000076b300000)
  object space 299008K, 34% used [0x00000006c1800000,0x00000006c7bf0380,0x00000006d3c00000)
 Metaspace       used 17950K, capacity 18338K, committed 18560K, reserved 1064960K
  class space    used 2223K, capacity 2327K, committed 2432K, reserved 1048576K
Event: 120.798 GC heap after
Heap after GC invocations=5446 (full 2722):
 PSYoungGen      total 178176K, used 0K [0x000000076b300000, 0x0000000776b80000, 0x00000007c0000000)
  eden space 167424K, 0% used [0x000000076b300000,0x000000076b300000,0x0000000775680000)
  from space 10752K, 0% used [0x0000000776100000,0x0000000776100000,0x0000000776b80000)
  to   space 10752K, 0% used [0x0000000775680000,0x0000000775680000,0x0000000776100000)
 ParOldGen       total 299008K, used 96937K [0x00000006c1800000, 0x00000006d3c00000, 0x000000076b300000)
  object space 299008K, 32% used [0x00000006c1800000,0x00000006c76aa790,0x00000006d3c00000)
 Metaspace       used 17950K, capacity 18338K, committed 18560K, reserved 1064960K
  class space    used 2223K, capacity 2327K, committed 2432K, reserved 1048576K
}

