# JRE version: Java(TM) SE Runtime Environment (8.0_201-b09) (build 1.8.0_201-b09)
# Java VM: Java HotSpot(TM) 64-Bit Server VM (25.201-b09 mixed mode windows-amd64 compressed oops)
Heap:
 PSYoungGen      total 1366528K, used 12490K [0x000000076b300000, 0x00000007c0000000, 0x00000007c0000000)
  eden space 1343488K, 0% used [0x000000076b300000,0x000000076bf32a10,0x00000007bd300000)
  from space 23040K, 0% used [0x00000007be980000,0x00000007be980000,0x00000007c0000000)
  to   space 23040K, 0% used [0x00000007bd300000,0x00000007bd300000,0x00000007be980000)
 ParOldGen       total 304128K, used 99665K [0x00000006c1800000, 0x00000006d4100000, 0x000000076b300000)
  object space 304128K, 32% used [0x00000006c1800000,0x00000006c7954648,0x00000006d4100000)
 Metaspace       used 17864K, capacity 18274K, committed 18560K, reserved 1064960K
  class space    used 2234K, capacity 2327K, committed 2432K, reserved 1048576K
GC Heap History (10 events):
Event: 246.368 GC heap before
{Heap before GC invocations=15714 (full 7576):
 PSYoungGen      total 1366528K, used 21020K [0x000000076b300000, 0x00000007c0000000, 0x00000007c0000000)
  eden space 1343488K, 0% used [0x000000076b300000,0x000000076b300000,0x00000007bd300000)
  from space 23040K, 91% used [0x00000007be980000,0x00000007bfe070b0,0x00000007c0000000)
  to   space 23040K, 0% used [0x00000007bd300000,0x00000007bd300000,0x00000007be980000)
 ParOldGen       total 304128K, used 99688K [0x00000006c1800000, 0x00000006d4100000, 0x000000076b300000)
  object space 304128K, 32% used [0x00000006c1800000,0x00000006c795a188,0x00000006d4100000)
 Metaspace       used 17845K, capacity 18274K, committed 18560K, reserved 1064960K
  class space    used 2229K, capacity 2327K, committed 2432K, reserved 1048576K
Event: 246.379 GC heap after
Heap after GC invocations=15714 (full 7576):
 PSYoungGen      total 1366528K, used 0K [0x000000076b300000, 0x00000007c0000000, 0x00000007c0000000)
  eden space 1343488K, 0% used [0x000000076b300000,0x000000076b300000,0x00000007bd300000)
  from space 23040K, 0% used [0x00000007be980000,0x00000007be980000,0x00000007c0000000)
  to   space 23040K, 0% used [0x00000007bd300000,0x00000007bd300000,0x00000007be980000)
 ParOldGen       total 304128K, used 99689K [0x00000006c1800000, 0x00000006d4100000, 0x000000076b300000)
  object space 304128K, 32% used [0x00000006c1800000,0x00000006c795a408,0x00000006d4100000)
 Metaspace       used 17845K, capacity 18274K, committed 18560K, reserved 1064960K
  class space    used 2229K, capacity 2327K, committed 2432K, reserved 1048576K
}
Event: 246.395 GC heap before
{Heap before GC invocations=15715 (full 7576):
 PSYoungGen      total 1366528K, used 33103K [0x000000076b300000, 0x00000007c0000000, 0x00000007c0000000)
  eden space 1343488K, 2% used [0x000000076b300000,0x000000076d353ef8,0x00000007bd300000)
  from space 23040K, 0% used [0x00000007be980000,0x00000007be980000,0x00000007c0000000)
  to   space 23040K, 0% used [0x00000007bd300000,0x00000007bd300000,0x00000007be980000)
 ParOldGen       total 304128K, used 99689K [0x00000006c1800000, 0x00000006d4100000, 0x000000076b300000)
  object space 304128K, 32% used [0x00000006c1800000,0x00000006c795a408,0x00000006d4100000)
 Metaspace       used 17845K, capacity 18274K, committed 18560K, reserved 1064960K
  class space    used 2229K, capacity 2327K, committed 2432K, reserved 1048576K
Event: 246.397 GC heap after
Heap after GC invocations=15715 (full 7576):
 PSYoungGen      total 1366528K, used 21052K [0x000000076b300000, 0x00000007c0000000, 0x00000007c0000000)
  eden space 1343488K, 0% used [0x000000076b300000,0x000000076b300000,0x00000007bd300000)
  from space 23040K, 91% used [0x00000007bd300000,0x00000007be78f0b0,0x00000007be980000)
  to   space 23040K, 0% used [0x00000007be980000,0x00000007be980000,0x00000007c0000000)
 ParOldGen       total 304128K, used 99689K [0x00000006c1800000, 0x00000006d4100000, 0x000000076b300000)
  object space 304128K, 32% used [0x00000006c1800000,0x00000006c795a408,0x00000006d4100000)
 Metaspace       used 17845K, capacity 18274K, committed 18560K, reserved 1064960K
  class space    used 2229K, capacity 2327K, committed 2432K, reserved 1048576K
}
Event: 246.397 GC heap before
{Heap before GC invocations=15716 (full 7577):
 PSYoungGen      total 1366528K, used 21052K [0x000000076b300000, 0x00000007c0000000, 0x00000007c0000000)
  eden space 1343488K, 0% used [0x000000076b300000,0x000000076b300000,0x00000007bd300000)
  from space 23040K, 91% used [0x00000007bd300000,0x00000007be78f0b0,0x00000007be980000)
  to   space 23040K, 0% used [0x00000007be980000,0x00000007be980000,0x00000007c0000000)
 ParOldGen       total 304128K, used 99689K [0x00000006c1800000, 0x00000006d4100000, 0x000000076b300000)
  object space 304128K, 32% used [0x00000006c1800000,0x00000006c795a408,0x00000006d4100000)
 Metaspace       used 17845K, capacity 18274K, committed 18560K, reserved 1064960K
  class space    used 2229K, capacity 2327K, committed 2432K, reserved 1048576K
Event: 246.407 GC heap after
Heap after GC invocations=15716 (full 7577):
 PSYoungGen      total 1366528K, used 0K [0x000000076b300000, 0x00000007c0000000, 0x00000007c0000000)
  eden space 1343488K, 0% used [0x000000076b300000,0x000000076b300000,0x00000007bd300000)
  from space 23040K, 0% used [0x00000007bd300000,0x00000007bd300000,0x00000007be980000)
  to   space 23040K, 0% used [0x00000007be980000,0x00000007be980000,0x00000007c0000000)
 ParOldGen       total 304128K, used 99690K [0x00000006c1800000, 0x00000006d4100000, 0x000000076b300000)
  object space 304128K, 32% used [0x00000006c1800000,0x00000006c795a830,0x00000006d4100000)
 Metaspace       used 17845K, capacity 18274K, committed 18560K, reserved 1064960K
  class space    used 2229K, capacity 2327K, committed 2432K, reserved 1048576K
}
Event: 246.423 GC heap before
{Heap before GC invocations=15717 (full 7577):
 PSYoungGen      total 1366528K, used 33103K [0x000000076b300000, 0x00000007c0000000, 0x00000007c0000000)
  eden space 1343488K, 2% used [0x000000076b300000,0x000000076d353ef8,0x00000007bd300000)
  from space 23040K, 0% used [0x00000007bd300000,0x00000007bd300000,0x00000007be980000)
  to   space 23040K, 0% used [0x00000007be980000,0x00000007be980000,0x00000007c0000000)
 ParOldGen       total 304128K, used 99690K [0x00000006c1800000, 0x00000006d4100000, 0x000000076b300000)
  object space 304128K, 32% used [0x00000006c1800000,0x00000006c795a830,0x00000006d4100000)
 Metaspace       used 17845K, capacity 18274K, committed 18560K, reserved 1064960K
  class space    used 2229K, capacity 2327K, committed 2432K, reserved 1048576K
Event: 246.425 GC heap after
Heap after GC invocations=15717 (full 7577):
 PSYoungGen      total 1366528K, used 21920K [0x000000076b300000, 0x00000007c0000000, 0x00000007c0000000)
  eden space 1343488K, 0% used [0x000000076b300000,0x000000076b300000,0x00000007bd300000)
  from space 23040K, 95% used [0x00000007be980000,0x00000007bfee80c0,0x00000007c0000000)
  to   space 23040K, 0% used [0x00000007bd300000,0x00000007bd300000,0x00000007be980000)
 ParOldGen       total 304128K, used 99690K [0x00000006c1800000, 0x00000006d4100000, 0x000000076b300000)
  object space 304128K, 32% used [0x00000006c1800000,0x00000006c795a830,0x00000006d4100000)
 Metaspace       used 17845K, capacity 18274K, committed 18560K, reserved 1064960K
  class space    used 2229K, capacity 2327K, committed 2432K, reserved 1048576K
}
Event: 246.425 GC heap before
{Heap before GC invocations=15718 (full 7578):
 PSYoungGen      total 1366528K, used 21920K [0x000000076b300000, 0x00000007c0000000, 0x00000007c0000000)
  eden space 1343488K, 0% used [0x000000076b300000,0x000000076b300000,0x00000007bd300000)
  from space 23040K, 95% used [0x00000007be980000,0x00000007bfee80c0,0x00000007c0000000)
  to   space 23040K, 0% used [0x00000007bd300000,0x00000007bd300000,0x00000007be980000)
 ParOldGen       total 304128K, used 99690K [0x00000006c1800000, 0x00000006d4100000, 0x000000076b300000)
  object space 304128K, 32% used [0x00000006c1800000,0x00000006c795a830,0x00000006d4100000)
 Metaspace       used 17845K, capacity 18274K, committed 18560K, reserved 1064960K
  class space    used 2229K, capacity 2327K, committed 2432K, reserved 1048576K
Event: 246.435 GC heap after
Heap after GC invocations=15718 (full 7578):
 PSYoungGen      total 1366528K, used 0K [0x000000076b300000, 0x00000007c0000000, 0x00000007c0000000)
  eden space 1343488K, 0% used [0x000000076b300000,0x000000076b300000,0x00000007bd300000)
  from space 23040K, 0% used [0x00000007be980000,0x00000007be980000,0x00000007c0000000)
  to   space 23040K, 0% used [0x00000007bd300000,0x00000007bd300000,0x00000007be980000)
 ParOldGen       total 304128K, used 99692K [0x00000006c1800000, 0x00000006d4100000, 0x000000076b300000)
  object space 304128K, 32% used [0x00000006c1800000,0x00000006c795b018,0x00000006d4100000)
 Metaspace       used 17845K, capacity 18274K, committed 18560K, reserved 1064960K
  class space    used 2229K, capacity 2327K, committed 2432K, reserved 1048576K
}

