# JRE version: Java(TM) SE Runtime Environment (8.0_201-b09) (build 1.8.0_201-b09)
# Java VM: Java HotSpot(TM) 64-Bit Server VM (25.201-b09 mixed mode windows-amd64 compressed oops)
Heap:
 PSYoungGen      total 1385984K, used 27931K [0x000000076b300000, 0x00000007c0000000, 0x00000007c0000000)
  eden space 1382400K, 2% used [0x000000076b300000,0x000000076ce46df0,0x00000007bf900000)
  from space 3584K, 0% used [0x00000007bf900000,0x00000007bf900000,0x00000007bfc80000)
  to   space 3584K, 0% used [0x00000007bfc80000,0x00000007bfc80000,0x00000007c0000000)
 ParOldGen       total 443392K, used 190759K [0x00000006c1800000, 0x00000006dc900000, 0x000000076b300000)
  object space 443392K, 43% used [0x00000006c1800000,0x00000006cd249e68,0x00000006dc900000)
 Metaspace       used 22069K, capacity 22766K, committed 23040K, reserved 1069056K
  class space    used 2792K, capacity 2957K, committed 3072K, reserved 1048576K
GC Heap History (10 events):
Event: 356.732 GC heap before
{Heap before GC invocations=7929 (full 3952):
 PSYoungGen      total 1385984K, used 3145K [0x000000076b300000, 0x00000007c0000000, 0x00000007c0000000)
  eden space 1382400K, 0% used [0x000000076b300000,0x000000076b300000,0x00000007bf900000)
  from space 3584K, 87% used [0x00000007bf900000,0x00000007bfc124e0,0x00000007bfc80000)
  to   space 3584K, 0% used [0x00000007bfc80000,0x00000007bfc80000,0x00000007c0000000)
 ParOldGen       total 443392K, used 190786K [0x00000006c1800000, 0x00000006dc900000, 0x000000076b300000)
  object space 443392K, 43% used [0x00000006c1800000,0x00000006cd250a70,0x00000006dc900000)
 Metaspace       used 22066K, capacity 22766K, committed 23040K, reserved 1069056K
  class space    used 2792K, capacity 2957K, committed 3072K, reserved 1048576K
Event: 356.753 GC heap after
Heap after GC invocations=7929 (full 3952):
 PSYoungGen      total 1385984K, used 0K [0x000000076b300000, 0x00000007c0000000, 0x00000007c0000000)
  eden space 1382400K, 0% used [0x000000076b300000,0x000000076b300000,0x00000007bf900000)
  from space 3584K, 0% used [0x00000007bf900000,0x00000007bf900000,0x00000007bfc80000)
  to   space 3584K, 0% used [0x00000007bfc80000,0x00000007bfc80000,0x00000007c0000000)
 ParOldGen       total 443392K, used 190787K [0x00000006c1800000, 0x00000006dc900000, 0x000000076b300000)
  object space 443392K, 43% used [0x00000006c1800000,0x00000006cd250c48,0x00000006dc900000)
 Metaspace       used 22066K, capacity 22766K, committed 23040K, reserved 1069056K
  class space    used 2792K, capacity 2957K, committed 3072K, reserved 1048576K
}
Event: 356.802 GC heap before
{Heap before GC invocations=7930 (full 3952):
 PSYoungGen      total 1385984K, used 38069K [0x000000076b300000, 0x00000007c0000000, 0x00000007c0000000)
  eden space 1382400K, 2% used [0x000000076b300000,0x000000076d82d400,0x00000007bf900000)
  from space 3584K, 0% used [0x00000007bf900000,0x00000007bf900000,0x00000007bfc80000)
  to   space 3584K, 0% used [0x00000007bfc80000,0x00000007bfc80000,0x00000007c0000000)
 ParOldGen       total 443392K, used 190787K [0x00000006c1800000, 0x00000006dc900000, 0x000000076b300000)
  object space 443392K, 43% used [0x00000006c1800000,0x00000006cd250c48,0x00000006dc900000)
 Metaspace       used 22066K, capacity 22766K, committed 23040K, reserved 1069056K
  class space    used 2792K, capacity 2957K, committed 3072K, reserved 1048576K
Event: 356.804 GC heap after
Heap after GC invocations=7930 (full 3952):
 PSYoungGen      total 1385984K, used 3209K [0x000000076b300000, 0x00000007c0000000, 0x00000007c0000000)
  eden space 1382400K, 0% used [0x000000076b300000,0x000000076b300000,0x00000007bf900000)
  from space 3584K, 89% used [0x00000007bfc80000,0x00000007bffa24e0,0x00000007c0000000)
  to   space 3584K, 0% used [0x00000007bf900000,0x00000007bf900000,0x00000007bfc80000)
 ParOldGen       total 443392K, used 190787K [0x00000006c1800000, 0x00000006dc900000, 0x000000076b300000)
  object space 443392K, 43% used [0x00000006c1800000,0x00000006cd250c48,0x00000006dc900000)
 Metaspace       used 22066K, capacity 22766K, committed 23040K, reserved 1069056K
  class space    used 2792K, capacity 2957K, committed 3072K, reserved 1048576K
}
Event: 356.804 GC heap before
{Heap before GC invocations=7931 (full 3953):
 PSYoungGen      total 1385984K, used 3209K [0x000000076b300000, 0x00000007c0000000, 0x00000007c0000000)
  eden space 1382400K, 0% used [0x000000076b300000,0x000000076b300000,0x00000007bf900000)
  from space 3584K, 89% used [0x00000007bfc80000,0x00000007bffa24e0,0x00000007c0000000)
  to   space 3584K, 0% used [0x00000007bf900000,0x00000007bf900000,0x00000007bfc80000)
 ParOldGen       total 443392K, used 190787K [0x00000006c1800000, 0x00000006dc900000, 0x000000076b300000)
  object space 443392K, 43% used [0x00000006c1800000,0x00000006cd250c48,0x00000006dc900000)
 Metaspace       used 22066K, capacity 22766K, committed 23040K, reserved 1069056K
  class space    used 2792K, capacity 2957K, committed 3072K, reserved 1048576K
Event: 356.824 GC heap after
Heap after GC invocations=7931 (full 3953):
 PSYoungGen      total 1385984K, used 0K [0x000000076b300000, 0x00000007c0000000, 0x00000007c0000000)
  eden space 1382400K, 0% used [0x000000076b300000,0x000000076b300000,0x00000007bf900000)
  from space 3584K, 0% used [0x00000007bfc80000,0x00000007bfc80000,0x00000007c0000000)
  to   space 3584K, 0% used [0x00000007bf900000,0x00000007bf900000,0x00000007bfc80000)
 ParOldGen       total 443392K, used 190786K [0x00000006c1800000, 0x00000006dc900000, 0x000000076b300000)
  object space 443392K, 43% used [0x00000006c1800000,0x00000006cd250b80,0x00000006dc900000)
 Metaspace       used 22066K, capacity 22766K, committed 23040K, reserved 1069056K
  class space    used 2792K, capacity 2957K, committed 3072K, reserved 1048576K
}
Event: 356.877 GC heap before
{Heap before GC invocations=7932 (full 3953):
 PSYoungGen      total 1385984K, used 38069K [0x000000076b300000, 0x00000007c0000000, 0x00000007c0000000)
  eden space 1382400K, 2% used [0x000000076b300000,0x000000076d82d400,0x00000007bf900000)
  from space 3584K, 0% used [0x00000007bfc80000,0x00000007bfc80000,0x00000007c0000000)
  to   space 3584K, 0% used [0x00000007bf900000,0x00000007bf900000,0x00000007bfc80000)
 ParOldGen       total 443392K, used 190786K [0x00000006c1800000, 0x00000006dc900000, 0x000000076b300000)
  object space 443392K, 43% used [0x00000006c1800000,0x00000006cd250b80,0x00000006dc900000)
 Metaspace       used 22066K, capacity 22766K, committed 23040K, reserved 1069056K
  class space    used 2792K, capacity 2957K, committed 3072K, reserved 1048576K
Event: 356.879 GC heap after
Heap after GC invocations=7932 (full 3953):
 PSYoungGen      total 1385984K, used 3145K [0x000000076b300000, 0x00000007c0000000, 0x00000007c0000000)
  eden space 1382400K, 0% used [0x000000076b300000,0x000000076b300000,0x00000007bf900000)
  from space 3584K, 87% used [0x00000007bf900000,0x00000007bfc124e0,0x00000007bfc80000)
  to   space 3584K, 0% used [0x00000007bfc80000,0x00000007bfc80000,0x00000007c0000000)
 ParOldGen       total 443392K, used 190786K [0x00000006c1800000, 0x00000006dc900000, 0x000000076b300000)
  object space 443392K, 43% used [0x00000006c1800000,0x00000006cd250b80,0x00000006dc900000)
 Metaspace       used 22066K, capacity 22766K, committed 23040K, reserved 1069056K
  class space    used 2792K, capacity 2957K, committed 3072K, reserved 1048576K
}
Event: 356.879 GC heap before
{Heap before GC invocations=7933 (full 3954):
 PSYoungGen      total 1385984K, used 3145K [0x000000076b300000, 0x00000007c0000000, 0x00000007c0000000)
  eden space 1382400K, 0% used [0x000000076b300000,0x000000076b300000,0x00000007bf900000)
  from space 3584K, 87% used [0x00000007bf900000,0x00000007bfc124e0,0x00000007bfc80000)
  to   space 3584K, 0% used [0x00000007bfc80000,0x00000007bfc80000,0x00000007c0000000)
 ParOldGen       total 443392K, used 190786K [0x00000006c1800000, 0x00000006dc900000, 0x000000076b300000)
  object space 443392K, 43% used [0x00000006c1800000,0x00000006cd250b80,0x00000006dc900000)
 Metaspace       used 22066K, capacity 22766K, committed 23040K, reserved 1069056K
  class space    used 2792K, capacity 2957K, committed 3072K, reserved 1048576K
Event: 356.901 GC heap after
Heap after GC invocations=7933 (full 3954):
 PSYoungGen      total 1385984K, used 0K [0x000000076b300000, 0x00000007c0000000, 0x00000007c0000000)
  eden space 1382400K, 0% used [0x000000076b300000,0x000000076b300000,0x00000007bf900000)
  from space 3584K, 0% used [0x00000007bf900000,0x00000007bf900000,0x00000007bfc80000)
  to   space 3584K, 0% used [0x00000007bfc80000,0x00000007bfc80000,0x00000007c0000000)
 ParOldGen       total 443392K, used 190786K [0x00000006c1800000, 0x00000006dc900000, 0x000000076b300000)
  object space 443392K, 43% used [0x00000006c1800000,0x00000006cd250a68,0x00000006dc900000)
 Metaspace       used 22066K, capacity 22766K, committed 23040K, reserved 1069056K
  class space    used 2792K, capacity 2957K, committed 3072K, reserved 1048576K
}

